[INFO] Scanning for projects...
[INFO] 
[INFO] ------------------< com.mybudgetbuddy:mybudgetbuddy >-------------------
[INFO] Building mybudgetbuddy 1.0-SNAPSHOT
[INFO]   from pom.xml
[INFO] --------------------------------[ jar ]---------------------------------
[WARNING] 6 problems were encountered while building the effective model for org.openjfx:javafx-controls:jar:17.0.6 during dependency collection step for project (use -X to see details)
[INFO] 
[INFO] --- clean:3.2.0:clean (default-clean) @ mybudgetbuddy ---
[INFO] 
[INFO] --- resources:3.4.0:resources (default-resources) @ mybudgetbuddy ---
[INFO] Copying 3 resources from src/main/resources to target/classes
[INFO] 
[INFO] --- compiler:3.11.0:compile (default-compile) @ mybudgetbuddy ---
[INFO] Changes detected - recompiling the module! :source
[INFO] Compiling 32 source files with javac [debug target 17] to target/classes
[INFO] /Volumes/heron/Development/CSC605-MyBudgetBuddy/src/main/java/com/mybudgetbuddy/presentation/viewmodel/BudgetViewModel.java: Some input files use or override a deprecated API.
[INFO] /Volumes/heron/Development/CSC605-MyBudgetBuddy/src/main/java/com/mybudgetbuddy/presentation/viewmodel/BudgetViewModel.java: Recompile with -Xlint:deprecation for details.
[INFO] -------------------------------------------------------------
[WARNING] COMPILATION WARNING : 
[INFO] -------------------------------------------------------------
[WARNING] location of system modules is not set in conjunction with -source 17
  not setting the location of system modules may lead to class files that cannot run on JDK 17
    --release 17 is recommended instead of -source 17 -target 17 because it sets the location of system modules automatically
[INFO] 1 warning
[INFO] -------------------------------------------------------------
[INFO] -------------------------------------------------------------
[ERROR] COMPILATION ERROR : 
[INFO] -------------------------------------------------------------
[ERROR] /Volumes/heron/Development/CSC605-MyBudgetBuddy/src/main/java/com/mybudgetbuddy/model/Transaction.java:[268,8] enum PaymentMethod is public, should be declared in a file named PaymentMethod.java
[ERROR] /Volumes/heron/Development/CSC605-MyBudgetBuddy/src/main/java/com/mybudgetbuddy/model/Transaction.java:[279,8] enum RecurringFrequency is public, should be declared in a file named RecurringFrequency.java
[ERROR] /Volumes/heron/Development/CSC605-MyBudgetBuddy/src/main/java/com/mybudgetbuddy/model/Transaction.java:[290,8] enum TransactionStatus is public, should be declared in a file named TransactionStatus.java
[ERROR] /Volumes/heron/Development/CSC605-MyBudgetBuddy/src/main/java/com/mybudgetbuddy/domain/model/Budget.java:[114,1] duplicate class: com.mybudgetbuddy.domain.model.BudgetType
[ERROR] /Volumes/heron/Development/CSC605-MyBudgetBuddy/src/main/java/com/mybudgetbuddy/model/Category.java:[47,8] enum CategoryType is public, should be declared in a file named CategoryType.java
[ERROR] /Volumes/heron/Development/CSC605-MyBudgetBuddy/src/main/java/com/mybudgetbuddy/application/service/GoalService.java:[4,38] com.mybudgetbuddy.domain.model.GoalType is not public in com.mybudgetbuddy.domain.model; cannot be accessed from outside package
[ERROR] /Volumes/heron/Development/CSC605-MyBudgetBuddy/src/main/java/com/mybudgetbuddy/application/service/GoalService.java:[5,38] com.mybudgetbuddy.domain.model.GoalStatus is not public in com.mybudgetbuddy.domain.model; cannot be accessed from outside package
[ERROR] /Volumes/heron/Development/CSC605-MyBudgetBuddy/src/main/java/com/mybudgetbuddy/application/service/GoalService.java:[6,38] com.mybudgetbuddy.domain.model.Priority is not public in com.mybudgetbuddy.domain.model; cannot be accessed from outside package
[ERROR] /Volumes/heron/Development/CSC605-MyBudgetBuddy/src/main/java/com/mybudgetbuddy/application/service/GoalService.java:[43,37] com.mybudgetbuddy.domain.model.Priority is not public in com.mybudgetbuddy.domain.model; cannot be accessed from outside package
[ERROR] /Volumes/heron/Development/CSC605-MyBudgetBuddy/src/main/java/com/mybudgetbuddy/application/service/GoalService.java:[44,50] com.mybudgetbuddy.domain.model.Priority is not public in com.mybudgetbuddy.domain.model; cannot be accessed from outside package
[ERROR] /Volumes/heron/Development/CSC605-MyBudgetBuddy/src/main/java/com/mybudgetbuddy/application/service/PlanService.java:[4,38] com.mybudgetbuddy.domain.model.PlanStatus is not public in com.mybudgetbuddy.domain.model; cannot be accessed from outside package
[ERROR] /Volumes/heron/Development/CSC605-MyBudgetBuddy/src/main/java/com/mybudgetbuddy/application/service/PlanService.java:[5,38] com.mybudgetbuddy.domain.model.PlanType is not public in com.mybudgetbuddy.domain.model; cannot be accessed from outside package
[ERROR] /Volumes/heron/Development/CSC605-MyBudgetBuddy/src/main/java/com/mybudgetbuddy/application/service/PlanService.java:[12,58] com.mybudgetbuddy.domain.model.PlanType is not public in com.mybudgetbuddy.domain.model; cannot be accessed from outside package
[ERROR] /Volumes/heron/Development/CSC605-MyBudgetBuddy/src/main/java/com/mybudgetbuddy/application/service/PlanService.java:[40,57] com.mybudgetbuddy.domain.model.PlanStatus is not public in com.mybudgetbuddy.domain.model; cannot be accessed from outside package
[ERROR] /Volumes/heron/Development/CSC605-MyBudgetBuddy/src/main/java/com/mybudgetbuddy/application/service/ReportService.java:[4,38] com.mybudgetbuddy.domain.model.ReportType is not public in com.mybudgetbuddy.domain.model; cannot be accessed from outside package
[ERROR] /Volumes/heron/Development/CSC605-MyBudgetBuddy/src/main/java/com/mybudgetbuddy/application/service/ReportService.java:[5,38] com.mybudgetbuddy.domain.model.ReportFormat is not public in com.mybudgetbuddy.domain.model; cannot be accessed from outside package
[ERROR] /Volumes/heron/Development/CSC605-MyBudgetBuddy/src/main/java/com/mybudgetbuddy/application/service/ReportService.java:[14,40] com.mybudgetbuddy.domain.model.ReportType is not public in com.mybudgetbuddy.domain.model; cannot be accessed from outside package
[ERROR] /Volumes/heron/Development/CSC605-MyBudgetBuddy/src/main/java/com/mybudgetbuddy/application/service/ReportService.java:[14,57] com.mybudgetbuddy.domain.model.ReportFormat is not public in com.mybudgetbuddy.domain.model; cannot be accessed from outside package
[ERROR] /Volumes/heron/Development/CSC605-MyBudgetBuddy/src/main/java/com/mybudgetbuddy/application/service/ReportService.java:[71,47] com.mybudgetbuddy.domain.model.ReportFormat is not public in com.mybudgetbuddy.domain.model; cannot be accessed from outside package
[ERROR] /Volumes/heron/Development/CSC605-MyBudgetBuddy/src/main/java/com/mybudgetbuddy/presentation/viewmodel/DashboardViewModel.java:[35,34] cannot find symbol
  symbol:   class Transaction
  location: class com.mybudgetbuddy.presentation.viewmodel.DashboardViewModel
[ERROR] /Volumes/heron/Development/CSC605-MyBudgetBuddy/src/main/java/com/mybudgetbuddy/presentation/viewmodel/DashboardViewModel.java:[212,27] cannot find symbol
  symbol:   class Transaction
  location: class com.mybudgetbuddy.presentation.viewmodel.DashboardViewModel
[ERROR] /Volumes/heron/Development/CSC605-MyBudgetBuddy/src/main/java/com/mybudgetbuddy/engine/RulesRecommendationEngine.java:[4,38] com.mybudgetbuddy.domain.model.RecommendationType is not public in com.mybudgetbuddy.domain.model; cannot be accessed from outside package
[ERROR] /Volumes/heron/Development/CSC605-MyBudgetBuddy/src/main/java/com/mybudgetbuddy/engine/RulesRecommendationEngine.java:[5,38] com.mybudgetbuddy.domain.model.Priority is not public in com.mybudgetbuddy.domain.model; cannot be accessed from outside package
[ERROR] /Volumes/heron/Development/CSC605-MyBudgetBuddy/src/main/java/com/mybudgetbuddy/engine/RulesRecommendationEngine.java:[91,74] com.mybudgetbuddy.domain.model.Priority is not public in com.mybudgetbuddy.domain.model; cannot be accessed from outside package
[ERROR] /Volumes/heron/Development/CSC605-MyBudgetBuddy/src/main/java/com/mybudgetbuddy/application/service/impl/TransactionServiceImpl.java:[183,29] reference to Date is ambiguous
  both class java.util.Date in java.util and class java.sql.Date in java.sql match
[ERROR] /Volumes/heron/Development/CSC605-MyBudgetBuddy/src/main/java/com/mybudgetbuddy/application/service/impl/TransactionServiceImpl.java:[184,29] reference to Date is ambiguous
  both class java.util.Date in java.util and class java.sql.Date in java.sql match
[ERROR] /Volumes/heron/Development/CSC605-MyBudgetBuddy/src/main/java/com/mybudgetbuddy/application/service/impl/TransactionServiceImpl.java:[302,29] reference to Date is ambiguous
  both class java.util.Date in java.util and class java.sql.Date in java.sql match
[ERROR] /Volumes/heron/Development/CSC605-MyBudgetBuddy/src/main/java/com/mybudgetbuddy/application/service/impl/TransactionServiceImpl.java:[303,29] reference to Date is ambiguous
  both class java.util.Date in java.util and class java.sql.Date in java.sql match
[ERROR] /Volumes/heron/Development/CSC605-MyBudgetBuddy/src/main/java/com/mybudgetbuddy/application/service/impl/TransactionServiceImpl.java:[326,29] reference to Date is ambiguous
  both class java.util.Date in java.util and class java.sql.Date in java.sql match
[ERROR] /Volumes/heron/Development/CSC605-MyBudgetBuddy/src/main/java/com/mybudgetbuddy/application/service/impl/TransactionServiceImpl.java:[327,29] reference to Date is ambiguous
  both class java.util.Date in java.util and class java.sql.Date in java.sql match
[ERROR] /Volumes/heron/Development/CSC605-MyBudgetBuddy/src/main/java/com/mybudgetbuddy/application/service/impl/TransactionServiceImpl.java:[361,29] reference to Date is ambiguous
  both class java.util.Date in java.util and class java.sql.Date in java.sql match
[ERROR] /Volumes/heron/Development/CSC605-MyBudgetBuddy/src/main/java/com/mybudgetbuddy/application/service/impl/TransactionServiceImpl.java:[362,29] reference to Date is ambiguous
  both class java.util.Date in java.util and class java.sql.Date in java.sql match
[ERROR] /Volumes/heron/Development/CSC605-MyBudgetBuddy/src/main/java/com/mybudgetbuddy/application/service/impl/TransactionServiceImpl.java:[395,29] reference to Date is ambiguous
  both class java.util.Date in java.util and class java.sql.Date in java.sql match
[ERROR] /Volumes/heron/Development/CSC605-MyBudgetBuddy/src/main/java/com/mybudgetbuddy/application/service/impl/TransactionServiceImpl.java:[396,29] reference to Date is ambiguous
  both class java.util.Date in java.util and class java.sql.Date in java.sql match
[ERROR] /Volumes/heron/Development/CSC605-MyBudgetBuddy/src/main/java/com/mybudgetbuddy/application/service/impl/TransactionServiceImpl.java:[420,29] reference to Date is ambiguous
  both class java.util.Date in java.util and class java.sql.Date in java.sql match
[ERROR] /Volumes/heron/Development/CSC605-MyBudgetBuddy/src/main/java/com/mybudgetbuddy/application/service/impl/TransactionServiceImpl.java:[421,29] reference to Date is ambiguous
  both class java.util.Date in java.util and class java.sql.Date in java.sql match
[ERROR] /Volumes/heron/Development/CSC605-MyBudgetBuddy/src/main/java/com/mybudgetbuddy/application/service/impl/TransactionServiceImpl.java:[472,68] reference to Date is ambiguous
  both class java.util.Date in java.util and class java.sql.Date in java.sql match
[ERROR] /Volumes/heron/Development/CSC605-MyBudgetBuddy/src/main/java/com/mybudgetbuddy/application/service/impl/TransactionServiceImpl.java:[479,68] reference to Date is ambiguous
  both class java.util.Date in java.util and class java.sql.Date in java.sql match
[ERROR] /Volumes/heron/Development/CSC605-MyBudgetBuddy/src/main/java/com/mybudgetbuddy/application/service/impl/TransactionServiceImpl.java:[480,61] reference to Date is ambiguous
  both class java.util.Date in java.util and class java.sql.Date in java.sql match
[ERROR] /Volumes/heron/Development/CSC605-MyBudgetBuddy/src/main/java/com/mybudgetbuddy/application/service/impl/TransactionServiceImpl.java:[510,9] reference to Date is ambiguous
  both class java.util.Date in java.util and class java.sql.Date in java.sql match
[ERROR] /Volumes/heron/Development/CSC605-MyBudgetBuddy/src/main/java/com/mybudgetbuddy/application/service/impl/TransactionServiceImpl.java:[532,9] reference to Date is ambiguous
  both class java.util.Date in java.util and class java.sql.Date in java.sql match
[ERROR] /Volumes/heron/Development/CSC605-MyBudgetBuddy/src/main/java/com/mybudgetbuddy/application/service/impl/TransactionServiceImpl.java:[537,9] reference to Date is ambiguous
  both class java.util.Date in java.util and class java.sql.Date in java.sql match
[ERROR] /Volumes/heron/Development/CSC605-MyBudgetBuddy/src/main/java/com/mybudgetbuddy/presentation/viewmodel/DashboardViewModel.java:[148,14] cannot find symbol
  symbol:   class Transaction
  location: class com.mybudgetbuddy.presentation.viewmodel.DashboardViewModel
[ERROR] /Volumes/heron/Development/CSC605-MyBudgetBuddy/src/main/java/com/mybudgetbuddy/presentation/viewmodel/DashboardViewModel.java:[161,49] com.mybudgetbuddy.domain.model.Priority.getLevel() is defined in an inaccessible class or interface
[ERROR] /Volumes/heron/Development/CSC605-MyBudgetBuddy/src/main/java/com/mybudgetbuddy/presentation/viewmodel/DashboardViewModel.java:[161,79] com.mybudgetbuddy.domain.model.Priority.getLevel() is defined in an inaccessible class or interface
[INFO] 45 errors 
[INFO] -------------------------------------------------------------
[INFO] ------------------------------------------------------------------------
[INFO] BUILD FAILURE
[INFO] ------------------------------------------------------------------------
[INFO] Total time:  1.087 s
[INFO] Finished at: 2026-04-09T19:52:41-04:00
[INFO] ------------------------------------------------------------------------
[ERROR] Failed to execute goal org.apache.maven.plugins:maven-compiler-plugin:3.11.0:compile (default-compile) on project mybudgetbuddy: Compilation failure: Compilation failure: 
[ERROR] /Volumes/heron/Development/CSC605-MyBudgetBuddy/src/main/java/com/mybudgetbuddy/model/Transaction.java:[268,8] enum PaymentMethod is public, should be declared in a file named PaymentMethod.java
[ERROR] /Volumes/heron/Development/CSC605-MyBudgetBuddy/src/main/java/com/mybudgetbuddy/model/Transaction.java:[279,8] enum RecurringFrequency is public, should be declared in a file named RecurringFrequency.java
[ERROR] /Volumes/heron/Development/CSC605-MyBudgetBuddy/src/main/java/com/mybudgetbuddy/model/Transaction.java:[290,8] enum TransactionStatus is public, should be declared in a file named TransactionStatus.java
[ERROR] /Volumes/heron/Development/CSC605-MyBudgetBuddy/src/main/java/com/mybudgetbuddy/domain/model/Budget.java:[114,1] duplicate class: com.mybudgetbuddy.domain.model.BudgetType
[ERROR] /Volumes/heron/Development/CSC605-MyBudgetBuddy/src/main/java/com/mybudgetbuddy/model/Category.java:[47,8] enum CategoryType is public, should be declared in a file named CategoryType.java
[ERROR] /Volumes/heron/Development/CSC605-MyBudgetBuddy/src/main/java/com/mybudgetbuddy/application/service/GoalService.java:[4,38] com.mybudgetbuddy.domain.model.GoalType is not public in com.mybudgetbuddy.domain.model; cannot be accessed from outside package
[ERROR] /Volumes/heron/Development/CSC605-MyBudgetBuddy/src/main/java/com/mybudgetbuddy/application/service/GoalService.java:[5,38] com.mybudgetbuddy.domain.model.GoalStatus is not public in com.mybudgetbuddy.domain.model; cannot be accessed from outside package
[ERROR] /Volumes/heron/Development/CSC605-MyBudgetBuddy/src/main/java/com/mybudgetbuddy/application/service/GoalService.java:[6,38] com.mybudgetbuddy.domain.model.Priority is not public in com.mybudgetbuddy.domain.model; cannot be accessed from outside package
[ERROR] /Volumes/heron/Development/CSC605-MyBudgetBuddy/src/main/java/com/mybudgetbuddy/application/service/GoalService.java:[43,37] com.mybudgetbuddy.domain.model.Priority is not public in com.mybudgetbuddy.domain.model; cannot be accessed from outside package
[ERROR] /Volumes/heron/Development/CSC605-MyBudgetBuddy/src/main/java/com/mybudgetbuddy/application/service/GoalService.java:[44,50] com.mybudgetbuddy.domain.model.Priority is not public in com.mybudgetbuddy.domain.model; cannot be accessed from outside package
[ERROR] /Volumes/heron/Development/CSC605-MyBudgetBuddy/src/main/java/com/mybudgetbuddy/application/service/PlanService.java:[4,38] com.mybudgetbuddy.domain.model.PlanStatus is not public in com.mybudgetbuddy.domain.model; cannot be accessed from outside package
[ERROR] /Volumes/heron/Development/CSC605-MyBudgetBuddy/src/main/java/com/mybudgetbuddy/application/service/PlanService.java:[5,38] com.mybudgetbuddy.domain.model.PlanType is not public in com.mybudgetbuddy.domain.model; cannot be accessed from outside package
[ERROR] /Volumes/heron/Development/CSC605-MyBudgetBuddy/src/main/java/com/mybudgetbuddy/application/service/PlanService.java:[12,58] com.mybudgetbuddy.domain.model.PlanType is not public in com.mybudgetbuddy.domain.model; cannot be accessed from outside package
[ERROR] /Volumes/heron/Development/CSC605-MyBudgetBuddy/src/main/java/com/mybudgetbuddy/application/service/PlanService.java:[40,57] com.mybudgetbuddy.domain.model.PlanStatus is not public in com.mybudgetbuddy.domain.model; cannot be accessed from outside package
[ERROR] /Volumes/heron/Development/CSC605-MyBudgetBuddy/src/main/java/com/mybudgetbuddy/application/service/ReportService.java:[4,38] com.mybudgetbuddy.domain.model.ReportType is not public in com.mybudgetbuddy.domain.model; cannot be accessed from outside package
[ERROR] /Volumes/heron/Development/CSC605-MyBudgetBuddy/src/main/java/com/mybudgetbuddy/application/service/ReportService.java:[5,38] com.mybudgetbuddy.domain.model.ReportFormat is not public in com.mybudgetbuddy.domain.model; cannot be accessed from outside package
[ERROR] /Volumes/heron/Development/CSC605-MyBudgetBuddy/src/main/java/com/mybudgetbuddy/application/service/ReportService.java:[14,40] com.mybudgetbuddy.domain.model.ReportType is not public in com.mybudgetbuddy.domain.model; cannot be accessed from outside package
[ERROR] /Volumes/heron/Development/CSC605-MyBudgetBuddy/src/main/java/com/mybudgetbuddy/application/service/ReportService.java:[14,57] com.mybudgetbuddy.domain.model.ReportFormat is not public in com.mybudgetbuddy.domain.model; cannot be accessed from outside package
[ERROR] /Volumes/heron/Development/CSC605-MyBudgetBuddy/src/main/java/com/mybudgetbuddy/application/service/ReportService.java:[71,47] com.mybudgetbuddy.domain.model.ReportFormat is not public in com.mybudgetbuddy.domain.model; cannot be accessed from outside package
[ERROR] /Volumes/heron/Development/CSC605-MyBudgetBuddy/src/main/java/com/mybudgetbuddy/presentation/viewmodel/DashboardViewModel.java:[35,34] cannot find symbol
[ERROR]   symbol:   class Transaction
[ERROR]   location: class com.mybudgetbuddy.presentation.viewmodel.DashboardViewModel
[ERROR] /Volumes/heron/Development/CSC605-MyBudgetBuddy/src/main/java/com/mybudgetbuddy/presentation/viewmodel/DashboardViewModel.java:[212,27] cannot find symbol
[ERROR]   symbol:   class Transaction
[ERROR]   location: class com.mybudgetbuddy.presentation.viewmodel.DashboardViewModel
[ERROR] /Volumes/heron/Development/CSC605-MyBudgetBuddy/src/main/java/com/mybudgetbuddy/engine/RulesRecommendationEngine.java:[4,38] com.mybudgetbuddy.domain.model.RecommendationType is not public in com.mybudgetbuddy.domain.model; cannot be accessed from outside package
[ERROR] /Volumes/heron/Development/CSC605-MyBudgetBuddy/src/main/java/com/mybudgetbuddy/engine/RulesRecommendationEngine.java:[5,38] com.mybudgetbuddy.domain.model.Priority is not public in com.mybudgetbuddy.domain.model; cannot be accessed from outside package
[ERROR] /Volumes/heron/Development/CSC605-MyBudgetBuddy/src/main/java/com/mybudgetbuddy/engine/RulesRecommendationEngine.java:[91,74] com.mybudgetbuddy.domain.model.Priority is not public in com.mybudgetbuddy.domain.model; cannot be accessed from outside package
[ERROR] /Volumes/heron/Development/CSC605-MyBudgetBuddy/src/main/java/com/mybudgetbuddy/application/service/impl/TransactionServiceImpl.java:[183,29] reference to Date is ambiguous
[ERROR]   both class java.util.Date in java.util and class java.sql.Date in java.sql match
[ERROR] /Volumes/heron/Development/CSC605-MyBudgetBuddy/src/main/java/com/mybudgetbuddy/application/service/impl/TransactionServiceImpl.java:[184,29] reference to Date is ambiguous
[ERROR]   both class java.util.Date in java.util and class java.sql.Date in java.sql match
[ERROR] /Volumes/heron/Development/CSC605-MyBudgetBuddy/src/main/java/com/mybudgetbuddy/application/service/impl/TransactionServiceImpl.java:[302,29] reference to Date is ambiguous
[ERROR]   both class java.util.Date in java.util and class java.sql.Date in java.sql match
[ERROR] /Volumes/heron/Development/CSC605-MyBudgetBuddy/src/main/java/com/mybudgetbuddy/application/service/impl/TransactionServiceImpl.java:[303,29] reference to Date is ambiguous
[ERROR]   both class java.util.Date in java.util and class java.sql.Date in java.sql match
[ERROR] /Volumes/heron/Development/CSC605-MyBudgetBuddy/src/main/java/com/mybudgetbuddy/application/service/impl/TransactionServiceImpl.java:[326,29] reference to Date is ambiguous
[ERROR]   both class java.util.Date in java.util and class java.sql.Date in java.sql match
[ERROR] /Volumes/heron/Development/CSC605-MyBudgetBuddy/src/main/java/com/mybudgetbuddy/application/service/impl/TransactionServiceImpl.java:[327,29] reference to Date is ambiguous
[ERROR]   both class java.util.Date in java.util and class java.sql.Date in java.sql match
[ERROR] /Volumes/heron/Development/CSC605-MyBudgetBuddy/src/main/java/com/mybudgetbuddy/application/service/impl/TransactionServiceImpl.java:[361,29] reference to Date is ambiguous
[ERROR]   both class java.util.Date in java.util and class java.sql.Date in java.sql match
[ERROR] /Volumes/heron/Development/CSC605-MyBudgetBuddy/src/main/java/com/mybudgetbuddy/application/service/impl/TransactionServiceImpl.java:[362,29] reference to Date is ambiguous
[ERROR]   both class java.util.Date in java.util and class java.sql.Date in java.sql match
[ERROR] /Volumes/heron/Development/CSC605-MyBudgetBuddy/src/main/java/com/mybudgetbuddy/application/service/impl/TransactionServiceImpl.java:[395,29] reference to Date is ambiguous
[ERROR]   both class java.util.Date in java.util and class java.sql.Date in java.sql match
[ERROR] /Volumes/heron/Development/CSC605-MyBudgetBuddy/src/main/java/com/mybudgetbuddy/application/service/impl/TransactionServiceImpl.java:[396,29] reference to Date is ambiguous
[ERROR]   both class java.util.Date in java.util and class java.sql.Date in java.sql match
[ERROR] /Volumes/heron/Development/CSC605-MyBudgetBuddy/src/main/java/com/mybudgetbuddy/application/service/impl/TransactionServiceImpl.java:[420,29] reference to Date is ambiguous
[ERROR]   both class java.util.Date in java.util and class java.sql.Date in java.sql match
[ERROR] /Volumes/heron/Development/CSC605-MyBudgetBuddy/src/main/java/com/mybudgetbuddy/application/service/impl/TransactionServiceImpl.java:[421,29] reference to Date is ambiguous
[ERROR]   both class java.util.Date in java.util and class java.sql.Date in java.sql match
[ERROR] /Volumes/heron/Development/CSC605-MyBudgetBuddy/src/main/java/com/mybudgetbuddy/application/service/impl/TransactionServiceImpl.java:[472,68] reference to Date is ambiguous
[ERROR]   both class java.util.Date in java.util and class java.sql.Date in java.sql match
[ERROR] /Volumes/heron/Development/CSC605-MyBudgetBuddy/src/main/java/com/mybudgetbuddy/application/service/impl/TransactionServiceImpl.java:[479,68] reference to Date is ambiguous
[ERROR]   both class java.util.Date in java.util and class java.sql.Date in java.sql match
[ERROR] /Volumes/heron/Development/CSC605-MyBudgetBuddy/src/main/java/com/mybudgetbuddy/application/service/impl/TransactionServiceImpl.java:[480,61] reference to Date is ambiguous
[ERROR]   both class java.util.Date in java.util and class java.sql.Date in java.sql match
[ERROR] /Volumes/heron/Development/CSC605-MyBudgetBuddy/src/main/java/com/mybudgetbuddy/application/service/impl/TransactionServiceImpl.java:[510,9] reference to Date is ambiguous
[ERROR]   both class java.util.Date in java.util and class java.sql.Date in java.sql match
[ERROR] /Volumes/heron/Development/CSC605-MyBudgetBuddy/src/main/java/com/mybudgetbuddy/application/service/impl/TransactionServiceImpl.java:[532,9] reference to Date is ambiguous
[ERROR]   both class java.util.Date in java.util and class java.sql.Date in java.sql match
[ERROR] /Volumes/heron/Development/CSC605-MyBudgetBuddy/src/main/java/com/mybudgetbuddy/application/service/impl/TransactionServiceImpl.java:[537,9] reference to Date is ambiguous
[ERROR]   both class java.util.Date in java.util and class java.sql.Date in java.sql match
[ERROR] /Volumes/heron/Development/CSC605-MyBudgetBuddy/src/main/java/com/mybudgetbuddy/presentation/viewmodel/DashboardViewModel.java:[148,14] cannot find symbol
[ERROR]   symbol:   class Transaction
[ERROR]   location: class com.mybudgetbuddy.presentation.viewmodel.DashboardViewModel
[ERROR] /Volumes/heron/Development/CSC605-MyBudgetBuddy/src/main/java/com/mybudgetbuddy/presentation/viewmodel/DashboardViewModel.java:[161,49] com.mybudgetbuddy.domain.model.Priority.getLevel() is defined in an inaccessible class or interface
[ERROR] /Volumes/heron/Development/CSC605-MyBudgetBuddy/src/main/java/com/mybudgetbuddy/presentation/viewmodel/DashboardViewModel.java:[161,79] com.mybudgetbuddy.domain.model.Priority.getLevel() is defined in an inaccessible class or interface
[ERROR] -> [Help 1]
[ERROR] 
[ERROR] To see the full stack trace of the errors, re-run Maven with the -e switch.
[ERROR] Re-run Maven using the -X switch to enable full debug logging.
[ERROR] 
[ERROR] For more information about the errors and possible solutions, please read the following articles:
[ERROR] [Help 1] http://cwiki.apache.org/confluence/display/MAVEN/MojoFailureException
