[INFO] Scanning for projects...
[INFO] 
[INFO] ------------------< com.mybudgetbuddy:mybudgetbuddy >-------------------
[INFO] Building mybudgetbuddy 1.0-SNAPSHOT
[INFO]   from pom.xml
[INFO] --------------------------------[ jar ]---------------------------------
[WARNING] 6 problems were encountered while building the effective model for org.openjfx:javafx-controls:jar:17.0.6 during dependency collection step for project (use -X to see details)
[INFO] 
[INFO] --- clean:3.2.0:clean (default-clean) @ mybudgetbuddy ---
[INFO] Deleting /Volumes/heron/Development/CSC605-MyBudgetBuddy/target
[INFO] 
[INFO] --- resources:3.4.0:resources (default-resources) @ mybudgetbuddy ---
[INFO] Copying 3 resources from src/main/resources to target/classes
[INFO] 
[INFO] --- compiler:3.11.0:compile (default-compile) @ mybudgetbuddy ---
[INFO] Changes detected - recompiling the module! :source
[INFO] Compiling 36 source files with javac [debug target 17] to target/classes
[INFO] /Volumes/heron/Development/CSC605-MyBudgetBuddy/src/main/java/com/mybudgetbuddy/presentation/viewmodel/BudgetViewModel.java: Some input files use or override a deprecated API.
[INFO] /Volumes/heron/Development/CSC605-MyBudgetBuddy/src/main/java/com/mybudgetbuddy/presentation/viewmodel/BudgetViewModel.java: Recompile with -Xlint:deprecation for details.
[INFO] -------------------------------------------------------------
[WARNING] COMPILATION WARNING : 
[INFO] -------------------------------------------------------------
[WARNING] location of system modules is not set in conjunction with -source 17
  not setting the location of system modules may lead to class files that cannot run on JDK 17
    --release 17 is recommended instead of -source 17 -target 17 because it sets the location of system modules automatically
[INFO] 1 warning
[INFO] -------------------------------------------------------------
[INFO] -------------------------------------------------------------
[ERROR] COMPILATION ERROR : 
[INFO] -------------------------------------------------------------
[ERROR] /Volumes/heron/Development/CSC605-MyBudgetBuddy/src/main/java/com/mybudgetbuddy/domain/model/Recommendation.java:[237,8] enum RecommendationType is public, should be declared in a file named RecommendationType.java
[ERROR] /Volumes/heron/Development/CSC605-MyBudgetBuddy/src/main/java/com/mybudgetbuddy/domain/model/FinancialPlan.java:[206,8] enum PlanType is public, should be declared in a file named PlanType.java
[ERROR] /Volumes/heron/Development/CSC605-MyBudgetBuddy/src/main/java/com/mybudgetbuddy/domain/model/FinancialPlan.java:[217,8] enum PlanStatus is public, should be declared in a file named PlanStatus.java
[ERROR] /Volumes/heron/Development/CSC605-MyBudgetBuddy/src/main/java/com/mybudgetbuddy/domain/model/Goal.java:[133,8] enum GoalType is public, should be declared in a file named GoalType.java
[ERROR] /Volumes/heron/Development/CSC605-MyBudgetBuddy/src/main/java/com/mybudgetbuddy/domain/model/Goal.java:[145,8] enum Priority is public, should be declared in a file named Priority.java
[ERROR] /Volumes/heron/Development/CSC605-MyBudgetBuddy/src/main/java/com/mybudgetbuddy/domain/model/Goal.java:[162,8] enum GoalStatus is public, should be declared in a file named GoalStatus.java
[ERROR] /Volumes/heron/Development/CSC605-MyBudgetBuddy/src/main/java/com/mybudgetbuddy/domain/model/Report.java:[259,8] enum ReportType is public, should be declared in a file named ReportType.java
[ERROR] /Volumes/heron/Development/CSC605-MyBudgetBuddy/src/main/java/com/mybudgetbuddy/domain/model/Report.java:[276,8] enum ReportFormat is public, should be declared in a file named ReportFormat.java
[ERROR] /Volumes/heron/Development/CSC605-MyBudgetBuddy/src/main/java/com/mybudgetbuddy/domain/model/Report.java:[285,8] enum ReportStatus is public, should be declared in a file named ReportStatus.java
[ERROR] /Volumes/heron/Development/CSC605-MyBudgetBuddy/src/main/java/com/mybudgetbuddy/presentation/viewmodel/DashboardViewModel.java:[35,34] cannot find symbol
  symbol:   class Transaction
  location: class com.mybudgetbuddy.presentation.viewmodel.DashboardViewModel
[ERROR] /Volumes/heron/Development/CSC605-MyBudgetBuddy/src/main/java/com/mybudgetbuddy/presentation/viewmodel/DashboardViewModel.java:[212,27] cannot find symbol
  symbol:   class Transaction
  location: class com.mybudgetbuddy.presentation.viewmodel.DashboardViewModel
[ERROR] /Volumes/heron/Development/CSC605-MyBudgetBuddy/src/main/java/com/mybudgetbuddy/presentation/viewmodel/DashboardViewModel.java:[148,14] cannot find symbol
  symbol:   class Transaction
  location: class com.mybudgetbuddy.presentation.viewmodel.DashboardViewModel
[INFO] 12 errors 
[INFO] -------------------------------------------------------------
[INFO] ------------------------------------------------------------------------
[INFO] BUILD FAILURE
[INFO] ------------------------------------------------------------------------
[INFO] Total time:  1.527 s
[INFO] Finished at: 2026-04-09T19:56:47-04:00
[INFO] ------------------------------------------------------------------------
[ERROR] Failed to execute goal org.apache.maven.plugins:maven-compiler-plugin:3.11.0:compile (default-compile) on project mybudgetbuddy: Compilation failure: Compilation failure: 
[ERROR] /Volumes/heron/Development/CSC605-MyBudgetBuddy/src/main/java/com/mybudgetbuddy/domain/model/Recommendation.java:[237,8] enum RecommendationType is public, should be declared in a file named RecommendationType.java
[ERROR] /Volumes/heron/Development/CSC605-MyBudgetBuddy/src/main/java/com/mybudgetbuddy/domain/model/FinancialPlan.java:[206,8] enum PlanType is public, should be declared in a file named PlanType.java
[ERROR] /Volumes/heron/Development/CSC605-MyBudgetBuddy/src/main/java/com/mybudgetbuddy/domain/model/FinancialPlan.java:[217,8] enum PlanStatus is public, should be declared in a file named PlanStatus.java
[ERROR] /Volumes/heron/Development/CSC605-MyBudgetBuddy/src/main/java/com/mybudgetbuddy/domain/model/Goal.java:[133,8] enum GoalType is public, should be declared in a file named GoalType.java
[ERROR] /Volumes/heron/Development/CSC605-MyBudgetBuddy/src/main/java/com/mybudgetbuddy/domain/model/Goal.java:[145,8] enum Priority is public, should be declared in a file named Priority.java
[ERROR] /Volumes/heron/Development/CSC605-MyBudgetBuddy/src/main/java/com/mybudgetbuddy/domain/model/Goal.java:[162,8] enum GoalStatus is public, should be declared in a file named GoalStatus.java
[ERROR] /Volumes/heron/Development/CSC605-MyBudgetBuddy/src/main/java/com/mybudgetbuddy/domain/model/Report.java:[259,8] enum ReportType is public, should be declared in a file named ReportType.java
[ERROR] /Volumes/heron/Development/CSC605-MyBudgetBuddy/src/main/java/com/mybudgetbuddy/domain/model/Report.java:[276,8] enum ReportFormat is public, should be declared in a file named ReportFormat.java
[ERROR] /Volumes/heron/Development/CSC605-MyBudgetBuddy/src/main/java/com/mybudgetbuddy/domain/model/Report.java:[285,8] enum ReportStatus is public, should be declared in a file named ReportStatus.java
[ERROR] /Volumes/heron/Development/CSC605-MyBudgetBuddy/src/main/java/com/mybudgetbuddy/presentation/viewmodel/DashboardViewModel.java:[35,34] cannot find symbol
[ERROR]   symbol:   class Transaction
[ERROR]   location: class com.mybudgetbuddy.presentation.viewmodel.DashboardViewModel
[ERROR] /Volumes/heron/Development/CSC605-MyBudgetBuddy/src/main/java/com/mybudgetbuddy/presentation/viewmodel/DashboardViewModel.java:[212,27] cannot find symbol
[ERROR]   symbol:   class Transaction
[ERROR]   location: class com.mybudgetbuddy.presentation.viewmodel.DashboardViewModel
[ERROR] /Volumes/heron/Development/CSC605-MyBudgetBuddy/src/main/java/com/mybudgetbuddy/presentation/viewmodel/DashboardViewModel.java:[148,14] cannot find symbol
[ERROR]   symbol:   class Transaction
[ERROR]   location: class com.mybudgetbuddy.presentation.viewmodel.DashboardViewModel
[ERROR] -> [Help 1]
[ERROR] 
[ERROR] To see the full stack trace of the errors, re-run Maven with the -e switch.
[ERROR] Re-run Maven using the -X switch to enable full debug logging.
[ERROR] 
[ERROR] For more information about the errors and possible solutions, please read the following articles:
[ERROR] [Help 1] http://cwiki.apache.org/confluence/display/MAVEN/MojoFailureException
